2021-03-11 00:00:41,293 INFO [capacityManagement] start correct usage

2021-03-11 00:00:41,296 INFO [capacityManagement] end correct usage, cost: 0s

2021-03-11 00:00:41,337 WARN clearConfigHistory start

2021-03-11 00:10:41,297 INFO [capacityManagement] start correct usage

2021-03-11 00:10:41,297 INFO [capacityManagement] end correct usage, cost: 0s

2021-03-11 00:10:41,338 WARN clearConfigHistory start

2021-03-11 00:20:41,298 INFO [capacityManagement] start correct usage

2021-03-11 00:20:41,298 INFO [capacityManagement] end correct usage, cost: 0s

2021-03-11 00:20:41,339 WARN clearConfigHistory start

2021-03-11 00:30:41,299 INFO [capacityManagement] start correct usage

2021-03-11 00:30:41,299 INFO [capacityManagement] end correct usage, cost: 0s

2021-03-11 00:30:41,341 WARN clearConfigHistory start

2021-03-11 00:40:41,303 INFO [capacityManagement] start correct usage

2021-03-11 00:40:41,303 INFO [capacityManagement] end correct usage, cost: 0s

2021-03-11 00:40:41,342 WARN clearConfigHistory start

2021-03-11 00:50:41,304 INFO [capacityManagement] start correct usage

2021-03-11 00:50:41,304 INFO [capacityManagement] end correct usage, cost: 0s

2021-03-11 00:50:41,343 WARN clearConfigHistory start

2021-03-11 01:00:41,306 INFO [capacityManagement] start correct usage

2021-03-11 01:00:41,306 INFO [capacityManagement] end correct usage, cost: 0s

2021-03-11 01:00:41,344 WARN clearConfigHistory start

2021-03-11 01:10:41,308 INFO [capacityManagement] start correct usage

2021-03-11 01:10:41,308 INFO [capacityManagement] end correct usage, cost: 0s

2021-03-11 01:10:41,345 WARN clearConfigHistory start

2021-03-11 01:20:41,310 INFO [capacityManagement] start correct usage

2021-03-11 01:20:41,310 INFO [capacityManagement] end correct usage, cost: 0s

2021-03-11 01:20:41,346 WARN clearConfigHistory start

2021-03-11 01:30:41,311 INFO [capacityManagement] start correct usage

2021-03-11 01:30:41,311 INFO [capacityManagement] end correct usage, cost: 0s

2021-03-11 01:30:41,348 WARN clearConfigHistory start

2021-03-11 01:40:41,311 INFO [capacityManagement] start correct usage

2021-03-11 01:40:41,311 INFO [capacityManagement] end correct usage, cost: 0s

2021-03-11 01:40:41,349 WARN clearConfigHistory start

2021-03-11 01:50:41,313 INFO [capacityManagement] start correct usage

2021-03-11 01:50:41,313 INFO [capacityManagement] end correct usage, cost: 0s

2021-03-11 01:50:41,351 WARN clearConfigHistory start

2021-03-11 02:00:41,316 INFO [capacityManagement] start correct usage

2021-03-11 02:00:41,316 INFO [capacityManagement] end correct usage, cost: 0s

2021-03-11 02:00:41,352 WARN clearConfigHistory start

2021-03-11 02:10:41,317 INFO [capacityManagement] start correct usage

2021-03-11 02:10:41,317 INFO [capacityManagement] end correct usage, cost: 0s

2021-03-11 02:10:41,353 WARN clearConfigHistory start

2021-03-11 02:20:41,318 INFO [capacityManagement] start correct usage

2021-03-11 02:20:41,318 INFO [capacityManagement] end correct usage, cost: 0s

2021-03-11 02:20:41,354 WARN clearConfigHistory start

2021-03-11 02:30:41,319 INFO [capacityManagement] start correct usage

2021-03-11 02:30:41,319 INFO [capacityManagement] end correct usage, cost: 0s

2021-03-11 02:30:41,356 WARN clearConfigHistory start

2021-03-11 02:40:41,320 INFO [capacityManagement] start correct usage

2021-03-11 02:40:41,320 INFO [capacityManagement] end correct usage, cost: 0s

2021-03-11 02:40:41,358 WARN clearConfigHistory start

2021-03-11 02:50:41,321 INFO [capacityManagement] start correct usage

2021-03-11 02:50:41,321 INFO [capacityManagement] end correct usage, cost: 0s

2021-03-11 02:50:41,360 WARN clearConfigHistory start

2021-03-11 03:00:41,322 INFO [capacityManagement] start correct usage

2021-03-11 03:00:41,322 INFO [capacityManagement] end correct usage, cost: 0s

2021-03-11 03:00:41,362 WARN clearConfigHistory start

2021-03-11 03:10:41,323 INFO [capacityManagement] start correct usage

2021-03-11 03:10:41,323 INFO [capacityManagement] end correct usage, cost: 0s

2021-03-11 03:10:41,364 WARN clearConfigHistory start

2021-03-11 03:20:41,324 INFO [capacityManagement] start correct usage

2021-03-11 03:20:41,324 INFO [capacityManagement] end correct usage, cost: 0s

2021-03-11 03:20:41,366 WARN clearConfigHistory start

2021-03-11 03:30:41,324 INFO [capacityManagement] start correct usage

2021-03-11 03:30:41,325 INFO [capacityManagement] end correct usage, cost: 0s

2021-03-11 03:30:41,367 WARN clearConfigHistory start

2021-03-11 03:40:41,327 INFO [capacityManagement] start correct usage

2021-03-11 03:40:41,327 INFO [capacityManagement] end correct usage, cost: 0s

2021-03-11 03:40:41,369 WARN clearConfigHistory start

2021-03-11 03:50:41,329 INFO [capacityManagement] start correct usage

2021-03-11 03:50:41,329 INFO [capacityManagement] end correct usage, cost: 0s

2021-03-11 03:50:41,371 WARN clearConfigHistory start

2021-03-11 04:00:41,330 INFO [capacityManagement] start correct usage

2021-03-11 04:00:41,330 INFO [capacityManagement] end correct usage, cost: 0s

2021-03-11 04:00:41,373 WARN clearConfigHistory start

2021-03-11 04:10:41,331 INFO [capacityManagement] start correct usage

2021-03-11 04:10:41,331 INFO [capacityManagement] end correct usage, cost: 0s

2021-03-11 04:10:41,374 WARN clearConfigHistory start

2021-03-11 04:20:41,333 INFO [capacityManagement] start correct usage

2021-03-11 04:20:41,333 INFO [capacityManagement] end correct usage, cost: 0s

2021-03-11 04:20:41,375 WARN clearConfigHistory start

2021-03-11 04:30:41,334 INFO [capacityManagement] start correct usage

2021-03-11 04:30:41,334 INFO [capacityManagement] end correct usage, cost: 0s

2021-03-11 04:30:41,376 WARN clearConfigHistory start

2021-03-11 04:40:41,336 INFO [capacityManagement] start correct usage

2021-03-11 04:40:41,336 INFO [capacityManagement] end correct usage, cost: 0s

2021-03-11 04:40:41,378 WARN clearConfigHistory start

2021-03-11 04:50:41,338 INFO [capacityManagement] start correct usage

2021-03-11 04:50:41,338 INFO [capacityManagement] end correct usage, cost: 0s

2021-03-11 04:50:41,379 WARN clearConfigHistory start

2021-03-11 05:00:41,339 INFO [capacityManagement] start correct usage

2021-03-11 05:00:41,339 INFO [capacityManagement] end correct usage, cost: 0s

2021-03-11 05:00:41,380 WARN clearConfigHistory start

2021-03-11 05:10:41,340 INFO [capacityManagement] start correct usage

2021-03-11 05:10:41,340 INFO [capacityManagement] end correct usage, cost: 0s

2021-03-11 05:10:41,381 WARN clearConfigHistory start

2021-03-11 05:20:41,341 INFO [capacityManagement] start correct usage

2021-03-11 05:20:41,341 INFO [capacityManagement] end correct usage, cost: 0s

2021-03-11 05:20:41,382 WARN clearConfigHistory start

2021-03-11 05:30:41,342 INFO [capacityManagement] start correct usage

2021-03-11 05:30:41,342 INFO [capacityManagement] end correct usage, cost: 0s

2021-03-11 05:30:41,383 WARN clearConfigHistory start

2021-03-11 05:40:41,343 INFO [capacityManagement] start correct usage

2021-03-11 05:40:41,343 INFO [capacityManagement] end correct usage, cost: 0s

2021-03-11 05:40:41,384 WARN clearConfigHistory start

2021-03-11 05:50:41,345 INFO [capacityManagement] start correct usage

2021-03-11 05:50:41,345 INFO [capacityManagement] end correct usage, cost: 0s

2021-03-11 05:50:41,386 WARN clearConfigHistory start

2021-03-11 06:00:41,346 INFO [capacityManagement] start correct usage

2021-03-11 06:00:41,346 INFO [capacityManagement] end correct usage, cost: 0s

2021-03-11 06:00:41,387 WARN clearConfigHistory start

2021-03-11 06:10:36,665 INFO [capacityManagement] start correct usage

2021-03-11 06:10:36,665 INFO [capacityManagement] end correct usage, cost: 0s

2021-03-11 06:10:36,705 WARN clearConfigHistory start

2021-03-11 06:20:36,667 INFO [capacityManagement] start correct usage

2021-03-11 06:20:36,667 INFO [capacityManagement] end correct usage, cost: 0s

2021-03-11 06:20:36,707 WARN clearConfigHistory start

2021-03-11 06:30:36,668 INFO [capacityManagement] start correct usage

2021-03-11 06:30:36,668 INFO [capacityManagement] end correct usage, cost: 0s

2021-03-11 06:30:36,708 WARN clearConfigHistory start

2021-03-11 06:40:36,670 INFO [capacityManagement] start correct usage

2021-03-11 06:40:36,670 INFO [capacityManagement] end correct usage, cost: 0s

2021-03-11 06:40:36,709 WARN clearConfigHistory start

2021-03-11 06:50:36,672 INFO [capacityManagement] start correct usage

2021-03-11 06:50:36,672 INFO [capacityManagement] end correct usage, cost: 0s

2021-03-11 06:50:36,711 WARN clearConfigHistory start

2021-03-11 07:00:36,673 INFO [capacityManagement] start correct usage

2021-03-11 07:00:36,673 INFO [capacityManagement] end correct usage, cost: 0s

2021-03-11 07:00:36,712 WARN clearConfigHistory start

2021-03-11 07:10:36,675 INFO [capacityManagement] start correct usage

2021-03-11 07:10:36,675 INFO [capacityManagement] end correct usage, cost: 0s

2021-03-11 07:10:36,714 WARN clearConfigHistory start

2021-03-11 07:20:36,676 INFO [capacityManagement] start correct usage

2021-03-11 07:20:36,676 INFO [capacityManagement] end correct usage, cost: 0s

2021-03-11 07:20:36,715 WARN clearConfigHistory start

2021-03-11 07:30:36,677 INFO [capacityManagement] start correct usage

2021-03-11 07:30:36,677 INFO [capacityManagement] end correct usage, cost: 0s

2021-03-11 07:30:36,717 WARN clearConfigHistory start

2021-03-11 07:40:36,678 INFO [capacityManagement] start correct usage

2021-03-11 07:40:36,678 INFO [capacityManagement] end correct usage, cost: 0s

2021-03-11 07:40:36,719 WARN clearConfigHistory start

2021-03-11 07:50:36,679 INFO [capacityManagement] start correct usage

2021-03-11 07:50:36,679 INFO [capacityManagement] end correct usage, cost: 0s

2021-03-11 07:50:36,720 WARN clearConfigHistory start

2021-03-11 08:00:36,680 INFO [capacityManagement] start correct usage

2021-03-11 08:00:36,680 INFO [capacityManagement] end correct usage, cost: 0s

2021-03-11 08:00:36,722 WARN clearConfigHistory start

2021-03-11 08:10:36,681 INFO [capacityManagement] start correct usage

2021-03-11 08:10:36,681 INFO [capacityManagement] end correct usage, cost: 0s

2021-03-11 08:10:36,723 WARN clearConfigHistory start

2021-03-11 08:20:36,682 INFO [capacityManagement] start correct usage

2021-03-11 08:20:36,682 INFO [capacityManagement] end correct usage, cost: 0s

2021-03-11 08:20:36,724 WARN clearConfigHistory start

2021-03-11 08:30:36,683 INFO [capacityManagement] start correct usage

2021-03-11 08:30:36,683 INFO [capacityManagement] end correct usage, cost: 0s

2021-03-11 08:30:36,725 WARN clearConfigHistory start

2021-03-11 08:40:36,685 INFO [capacityManagement] start correct usage

2021-03-11 08:40:36,685 INFO [capacityManagement] end correct usage, cost: 0s

2021-03-11 08:40:36,727 WARN clearConfigHistory start

2021-03-11 08:50:36,686 INFO [capacityManagement] start correct usage

2021-03-11 08:50:36,687 INFO [capacityManagement] end correct usage, cost: 0s

2021-03-11 08:50:36,729 WARN clearConfigHistory start

2021-03-11 09:00:36,689 INFO [capacityManagement] start correct usage

2021-03-11 09:00:36,689 INFO [capacityManagement] end correct usage, cost: 0s

2021-03-11 09:00:36,730 WARN clearConfigHistory start

2021-03-11 09:10:36,690 INFO [capacityManagement] start correct usage

2021-03-11 09:10:36,690 INFO [capacityManagement] end correct usage, cost: 0s

2021-03-11 09:10:36,731 WARN clearConfigHistory start

2021-03-11 09:20:36,691 INFO [capacityManagement] start correct usage

2021-03-11 09:20:36,691 INFO [capacityManagement] end correct usage, cost: 0s

2021-03-11 09:20:36,733 WARN clearConfigHistory start

2021-03-11 09:30:36,692 INFO [capacityManagement] start correct usage

2021-03-11 09:30:36,692 INFO [capacityManagement] end correct usage, cost: 0s

2021-03-11 09:30:36,734 WARN clearConfigHistory start

2021-03-11 09:40:36,693 INFO [capacityManagement] start correct usage

2021-03-11 09:40:36,693 INFO [capacityManagement] end correct usage, cost: 0s

2021-03-11 09:40:36,735 WARN clearConfigHistory start

2021-03-11 09:50:36,694 INFO [capacityManagement] start correct usage

2021-03-11 09:50:36,694 INFO [capacityManagement] end correct usage, cost: 0s

2021-03-11 09:50:36,737 WARN clearConfigHistory start

2021-03-11 10:00:36,696 INFO [capacityManagement] start correct usage

2021-03-11 10:00:36,696 INFO [capacityManagement] end correct usage, cost: 0s

2021-03-11 10:00:36,738 WARN clearConfigHistory start

2021-03-11 10:10:36,697 INFO [capacityManagement] start correct usage

2021-03-11 10:10:36,697 INFO [capacityManagement] end correct usage, cost: 0s

2021-03-11 10:10:36,739 WARN clearConfigHistory start

2021-03-11 10:20:36,698 INFO [capacityManagement] start correct usage

2021-03-11 10:20:36,699 INFO [capacityManagement] end correct usage, cost: 0s

2021-03-11 10:20:36,741 WARN clearConfigHistory start

2021-03-11 10:30:36,700 INFO [capacityManagement] start correct usage

2021-03-11 10:30:36,700 INFO [capacityManagement] end correct usage, cost: 0s

2021-03-11 10:30:36,742 WARN clearConfigHistory start

2021-03-11 10:40:36,701 INFO [capacityManagement] start correct usage

2021-03-11 10:40:36,701 INFO [capacityManagement] end correct usage, cost: 0s

2021-03-11 10:40:36,743 WARN clearConfigHistory start

2021-03-11 10:50:36,703 INFO [capacityManagement] start correct usage

2021-03-11 10:50:36,703 INFO [capacityManagement] end correct usage, cost: 0s

2021-03-11 10:50:36,744 WARN clearConfigHistory start

2021-03-11 11:00:36,705 INFO [capacityManagement] start correct usage

2021-03-11 11:00:36,705 INFO [capacityManagement] end correct usage, cost: 0s

2021-03-11 11:00:36,745 WARN clearConfigHistory start

2021-03-11 11:10:36,706 INFO [capacityManagement] start correct usage

2021-03-11 11:10:36,706 INFO [capacityManagement] end correct usage, cost: 0s

2021-03-11 11:10:36,747 WARN clearConfigHistory start

2021-03-11 11:20:36,707 INFO [capacityManagement] start correct usage

2021-03-11 11:20:36,707 INFO [capacityManagement] end correct usage, cost: 0s

2021-03-11 11:20:36,749 WARN clearConfigHistory start

2021-03-11 11:30:36,709 INFO [capacityManagement] start correct usage

2021-03-11 11:30:36,709 INFO [capacityManagement] end correct usage, cost: 0s

2021-03-11 11:30:36,750 WARN clearConfigHistory start

2021-03-11 11:40:36,710 INFO [capacityManagement] start correct usage

2021-03-11 11:40:36,710 INFO [capacityManagement] end correct usage, cost: 0s

2021-03-11 11:40:36,752 WARN clearConfigHistory start

2021-03-11 11:50:36,711 INFO [capacityManagement] start correct usage

2021-03-11 11:50:36,711 INFO [capacityManagement] end correct usage, cost: 0s

2021-03-11 11:50:36,754 WARN clearConfigHistory start

2021-03-11 12:00:36,713 INFO [capacityManagement] start correct usage

2021-03-11 12:00:36,713 INFO [capacityManagement] end correct usage, cost: 0s

2021-03-11 12:00:36,756 WARN clearConfigHistory start

2021-03-11 12:10:36,713 INFO [capacityManagement] start correct usage

2021-03-11 12:10:36,713 INFO [capacityManagement] end correct usage, cost: 0s

2021-03-11 12:10:36,756 WARN clearConfigHistory start

2021-03-11 12:20:36,715 INFO [capacityManagement] start correct usage

2021-03-11 12:20:36,715 INFO [capacityManagement] end correct usage, cost: 0s

2021-03-11 12:20:36,757 WARN clearConfigHistory start

2021-03-11 12:30:36,716 INFO [capacityManagement] start correct usage

2021-03-11 12:30:36,716 INFO [capacityManagement] end correct usage, cost: 0s

2021-03-11 12:30:36,759 WARN clearConfigHistory start

2021-03-11 12:40:36,717 INFO [capacityManagement] start correct usage

2021-03-11 12:40:36,717 INFO [capacityManagement] end correct usage, cost: 0s

2021-03-11 12:40:36,760 WARN clearConfigHistory start

2021-03-11 12:50:36,718 INFO [capacityManagement] start correct usage

2021-03-11 12:50:36,718 INFO [capacityManagement] end correct usage, cost: 0s

2021-03-11 12:50:36,761 WARN clearConfigHistory start

2021-03-11 13:00:36,720 INFO [capacityManagement] start correct usage

2021-03-11 13:00:36,720 INFO [capacityManagement] end correct usage, cost: 0s

2021-03-11 13:00:36,763 WARN clearConfigHistory start

2021-03-11 13:10:36,722 INFO [capacityManagement] start correct usage

2021-03-11 13:10:36,722 INFO [capacityManagement] end correct usage, cost: 0s

2021-03-11 13:10:36,764 WARN clearConfigHistory start

2021-03-11 13:20:36,724 INFO [capacityManagement] start correct usage

2021-03-11 13:20:36,724 INFO [capacityManagement] end correct usage, cost: 0s

2021-03-11 13:20:36,765 WARN clearConfigHistory start

2021-03-11 13:30:36,725 INFO [capacityManagement] start correct usage

2021-03-11 13:30:36,725 INFO [capacityManagement] end correct usage, cost: 0s

2021-03-11 13:30:36,766 WARN clearConfigHistory start

2021-03-11 13:40:36,726 INFO [capacityManagement] start correct usage

2021-03-11 13:40:36,726 INFO [capacityManagement] end correct usage, cost: 0s

2021-03-11 13:40:36,767 WARN clearConfigHistory start

2021-03-11 13:50:36,728 INFO [capacityManagement] start correct usage

2021-03-11 13:50:36,728 INFO [capacityManagement] end correct usage, cost: 0s

2021-03-11 13:50:36,768 WARN clearConfigHistory start

2021-03-11 14:00:36,729 INFO [capacityManagement] start correct usage

2021-03-11 14:00:36,729 INFO [capacityManagement] end correct usage, cost: 0s

2021-03-11 14:00:36,769 WARN clearConfigHistory start

2021-03-11 14:10:36,731 INFO [capacityManagement] start correct usage

2021-03-11 14:10:36,731 INFO [capacityManagement] end correct usage, cost: 0s

2021-03-11 14:10:36,771 WARN clearConfigHistory start

2021-03-11 14:20:36,732 INFO [capacityManagement] start correct usage

2021-03-11 14:20:36,732 INFO [capacityManagement] end correct usage, cost: 0s

2021-03-11 14:20:36,772 WARN clearConfigHistory start

2021-03-11 14:30:36,734 INFO [capacityManagement] start correct usage

2021-03-11 14:30:36,734 INFO [capacityManagement] end correct usage, cost: 0s

2021-03-11 14:30:36,773 WARN clearConfigHistory start

2021-03-11 14:40:36,736 INFO [capacityManagement] start correct usage

2021-03-11 14:40:36,736 INFO [capacityManagement] end correct usage, cost: 0s

2021-03-11 14:40:36,773 WARN clearConfigHistory start

2021-03-11 14:50:36,738 INFO [capacityManagement] start correct usage

2021-03-11 14:50:36,738 INFO [capacityManagement] end correct usage, cost: 0s

2021-03-11 14:50:36,774 WARN clearConfigHistory start

2021-03-11 15:00:36,740 INFO [capacityManagement] start correct usage

2021-03-11 15:00:36,740 INFO [capacityManagement] end correct usage, cost: 0s

2021-03-11 15:00:36,775 WARN clearConfigHistory start

2021-03-11 15:10:36,742 INFO [capacityManagement] start correct usage

2021-03-11 15:10:36,742 INFO [capacityManagement] end correct usage, cost: 0s

2021-03-11 15:10:36,776 WARN clearConfigHistory start

2021-03-11 15:20:36,743 INFO [capacityManagement] start correct usage

2021-03-11 15:20:36,743 INFO [capacityManagement] end correct usage, cost: 0s

2021-03-11 15:20:36,777 WARN clearConfigHistory start

2021-03-11 15:30:36,745 INFO [capacityManagement] start correct usage

2021-03-11 15:30:36,745 INFO [capacityManagement] end correct usage, cost: 0s

2021-03-11 15:30:36,778 WARN clearConfigHistory start

2021-03-11 15:40:36,746 INFO [capacityManagement] start correct usage

2021-03-11 15:40:36,746 INFO [capacityManagement] end correct usage, cost: 0s

2021-03-11 15:40:36,781 WARN clearConfigHistory start

2021-03-11 15:50:36,748 INFO [capacityManagement] start correct usage

2021-03-11 15:50:36,748 INFO [capacityManagement] end correct usage, cost: 0s

2021-03-11 15:50:36,782 WARN clearConfigHistory start

2021-03-11 16:00:36,749 INFO [capacityManagement] start correct usage

2021-03-11 16:00:36,749 INFO [capacityManagement] end correct usage, cost: 0s

2021-03-11 16:00:36,784 WARN clearConfigHistory start

2021-03-11 16:10:36,750 INFO [capacityManagement] start correct usage

2021-03-11 16:10:36,750 INFO [capacityManagement] end correct usage, cost: 0s

2021-03-11 16:10:36,785 WARN clearConfigHistory start

2021-03-11 16:20:36,752 INFO [capacityManagement] start correct usage

2021-03-11 16:20:36,752 INFO [capacityManagement] end correct usage, cost: 0s

2021-03-11 16:20:36,786 WARN clearConfigHistory start

2021-03-11 16:32:17,114 INFO Starting Nacos v1.4.1 on LAPTOP-E3PTHLM9 with PID 19096 (D:\GitProject\maps\maps-nacos\target\nacos-server.jar started by cloume in D:\GitProject\maps\maps-nacos\bin)

2021-03-11 16:32:17,114 INFO The following profiles are active: standalone

2021-03-11 16:32:24,542 INFO Bean 'org.springframework.security.access.expression.method.DefaultMethodSecurityExpressionHandler@1b45c0e' of type [org.springframework.security.access.expression.method.DefaultMethodSecurityExpressionHandler] is not eligible for getting processed by all BeanPostProcessors (for example: not eligible for auto-proxying)

2021-03-11 16:32:24,721 INFO Bean 'methodSecurityMetadataSource' of type [org.springframework.security.access.method.DelegatingMethodSecurityMetadataSource] is not eligible for getting processed by all BeanPostProcessors (for example: not eligible for auto-proxying)

2021-03-11 16:32:27,086 INFO Tomcat initialized with port(s): 8848 (http)

2021-03-11 16:32:27,190 INFO Starting service [Tomcat]

2021-03-11 16:32:27,191 INFO Starting Servlet engine: [Apache Tomcat/9.0.38]

2021-03-11 16:32:28,386 INFO At least one JAR was scanned for TLDs yet contained no TLDs. Enable debug logging for this logger for a complete list of JARs that were scanned but no TLDs were found in them. Skipping unneeded JARs during scanning can improve startup time and JSP compilation time.

2021-03-11 16:32:28,509 INFO Initializing Spring embedded WebApplicationContext

2021-03-11 16:32:28,509 INFO Root WebApplicationContext: initialization completed in 11273 ms

2021-03-11 16:32:30,423 INFO HikariPool-1 - Starting...

2021-03-11 16:32:30,430 WARN Registered driver with driverClassName=org.apache.derby.jdbc.EmbeddedDriver was not found, trying direct instantiation.

2021-03-11 16:32:31,740 INFO HikariPool-1 - Driver does not support get/set network timeout for connections. (Feature not implemented: No details.)

2021-03-11 16:32:31,800 INFO HikariPool-1 - Start completed.

2021-03-11 16:32:35,018 INFO Nacos-related cluster resource initialization

2021-03-11 16:32:35,048 INFO The cluster resource is initialized

2021-03-11 16:32:36,282 INFO Reflections took 138 ms to scan 1 urls, producing 4 keys and 6 values 

2021-03-11 16:32:36,356 INFO Reflections took 16 ms to scan 1 urls, producing 6 keys and 26 values 

2021-03-11 16:32:36,400 INFO Reflections took 11 ms to scan 1 urls, producing 3 keys and 15 values 

2021-03-11 16:32:36,440 INFO Reflections took 5 ms to scan 1 urls, producing 2 keys and 12 values 

2021-03-11 16:32:39,167 INFO Initializing ExecutorService 'applicationTaskExecutor'

2021-03-11 16:32:39,478 INFO Adding welcome page: class path resource [static/index.html]

2021-03-11 16:32:40,845 INFO Creating filter chain: Ant [pattern='/**'], []

2021-03-11 16:32:40,961 INFO Creating filter chain: any request, [org.springframework.security.web.context.request.async.WebAsyncManagerIntegrationFilter@2db2dd9d, org.springframework.security.web.context.SecurityContextPersistenceFilter@2d72f75e, org.springframework.security.web.header.HeaderWriterFilter@411341bd, org.springframework.security.web.csrf.CsrfFilter@2a492f2a, org.springframework.security.web.authentication.logout.LogoutFilter@35293c05, org.springframework.security.web.savedrequest.RequestCacheAwareFilter@74f7d1d2, org.springframework.security.web.servletapi.SecurityContextHolderAwareRequestFilter@5a62b2a4, org.springframework.security.web.authentication.AnonymousAuthenticationFilter@3174cb09, org.springframework.security.web.session.SessionManagementFilter@5400db36, org.springframework.security.web.access.ExceptionTranslationFilter@585811a4]

2021-03-11 16:32:41,340 INFO Initializing ExecutorService 'taskScheduler'

2021-03-11 16:32:41,399 INFO Exposing 2 endpoint(s) beneath base path '/actuator'

2021-03-11 16:32:41,693 INFO Tomcat started on port(s): 8848 (http) with context path '/nacos'

2021-03-11 16:32:41,703 INFO Started Nacos in 27.374 seconds (JVM running for 28.534)

2021-03-11 16:32:41,704 INFO Nacos started successfully in stand alone mode. use embedded storage

2021-03-11 16:33:11,994 WARN [WatchFileCenter] start close

2021-03-11 16:33:11,994 WARN [ConfigServer-HttpClientManager] Start destroying NacosRestTemplate

2021-03-11 16:33:11,995 WARN [HttpClientBeanHolder] Start destroying common HttpClient

2021-03-11 16:33:11,995 WARN [WatchFileCenter] start to shutdown this watcher which is watch : D:\GitProject\maps\maps-nacos\conf

2021-03-11 16:33:11,999 WARN [WatchFileCenter] already closed

2021-03-11 16:33:12,005 WARN [ConfigServer-HttpClientManager] Destruction of the end

2021-03-11 16:33:12,004 WARN [HttpClientBeanHolder] Destruction of the end

2021-03-11 16:33:12,000 WARN [NotifyCenter] Start destroying Publisher

2021-03-11 16:33:11,999 WARN [ThreadPoolManager] Start destroying ThreadPool

2021-03-11 16:33:12,005 WARN [NotifyCenter] Destruction of the end

2021-03-11 16:33:12,009 INFO Shutting down ExecutorService 'taskScheduler'

2021-03-11 16:33:12,013 INFO Shutting down ExecutorService 'applicationTaskExecutor'

2021-03-11 16:33:27,914 INFO Starting Nacos v1.4.1 on LAPTOP-E3PTHLM9 with PID 13112 (D:\GitProject\maps\maps-nacos\target\nacos-server.jar started by cloume in D:\GitProject\maps\maps-nacos\bin)

2021-03-11 16:33:27,914 INFO The following profiles are active: standalone

2021-03-11 16:33:28,930 WARN [ThreadPoolManager] Destruction of the end

2021-03-11 16:33:38,538 INFO Bean 'org.springframework.security.access.expression.method.DefaultMethodSecurityExpressionHandler@7cbd9d24' of type [org.springframework.security.access.expression.method.DefaultMethodSecurityExpressionHandler] is not eligible for getting processed by all BeanPostProcessors (for example: not eligible for auto-proxying)

2021-03-11 16:33:38,556 INFO Bean 'methodSecurityMetadataSource' of type [org.springframework.security.access.method.DelegatingMethodSecurityMetadataSource] is not eligible for getting processed by all BeanPostProcessors (for example: not eligible for auto-proxying)

2021-03-11 16:33:40,329 INFO Tomcat initialized with port(s): 8848 (http)

2021-03-11 16:33:40,425 INFO Starting service [Tomcat]

2021-03-11 16:33:40,426 INFO Starting Servlet engine: [Apache Tomcat/9.0.38]

2021-03-11 16:33:41,250 INFO At least one JAR was scanned for TLDs yet contained no TLDs. Enable debug logging for this logger for a complete list of JARs that were scanned but no TLDs were found in them. Skipping unneeded JARs during scanning can improve startup time and JSP compilation time.

2021-03-11 16:33:41,342 INFO Initializing Spring embedded WebApplicationContext

2021-03-11 16:33:41,343 INFO Root WebApplicationContext: initialization completed in 13109 ms

2021-03-11 16:33:42,941 INFO HikariPool-1 - Starting...

2021-03-11 16:33:42,949 WARN Registered driver with driverClassName=org.apache.derby.jdbc.EmbeddedDriver was not found, trying direct instantiation.

2021-03-11 16:33:43,844 INFO HikariPool-1 - Driver does not support get/set network timeout for connections. (Feature not implemented: No details.)

2021-03-11 16:33:43,858 INFO HikariPool-1 - Start completed.

2021-03-11 16:33:46,742 INFO Nacos-related cluster resource initialization

2021-03-11 16:33:46,770 INFO The cluster resource is initialized

2021-03-11 16:33:48,032 INFO Reflections took 138 ms to scan 1 urls, producing 4 keys and 6 values 

2021-03-11 16:33:48,108 INFO Reflections took 10 ms to scan 1 urls, producing 6 keys and 26 values 

2021-03-11 16:33:48,151 INFO Reflections took 10 ms to scan 1 urls, producing 3 keys and 15 values 

2021-03-11 16:33:48,179 INFO Reflections took 6 ms to scan 1 urls, producing 2 keys and 12 values 

2021-03-11 16:33:50,714 INFO Initializing ExecutorService 'applicationTaskExecutor'

2021-03-11 16:33:51,089 INFO Adding welcome page: class path resource [static/index.html]

2021-03-11 16:33:52,610 INFO Creating filter chain: Ant [pattern='/**'], []

2021-03-11 16:33:52,714 INFO Creating filter chain: any request, [org.springframework.security.web.context.request.async.WebAsyncManagerIntegrationFilter@4b4dd216, org.springframework.security.web.context.SecurityContextPersistenceFilter@2a492f2a, org.springframework.security.web.header.HeaderWriterFilter@1b58ff9e, org.springframework.security.web.csrf.CsrfFilter@2427e004, org.springframework.security.web.authentication.logout.LogoutFilter@f713686, org.springframework.security.web.savedrequest.RequestCacheAwareFilter@16afbd92, org.springframework.security.web.servletapi.SecurityContextHolderAwareRequestFilter@23c388c2, org.springframework.security.web.authentication.AnonymousAuthenticationFilter@5ca17ab0, org.springframework.security.web.session.SessionManagementFilter@56b78e55, org.springframework.security.web.access.ExceptionTranslationFilter@63f34b70]

2021-03-11 16:33:53,059 INFO Initializing ExecutorService 'taskScheduler'

2021-03-11 16:33:53,119 INFO Exposing 2 endpoint(s) beneath base path '/actuator'

2021-03-11 16:33:53,392 INFO Tomcat started on port(s): 8848 (http) with context path '/nacos'

2021-03-11 16:33:53,402 INFO Started Nacos in 29.553 seconds (JVM running for 31.196)

2021-03-11 16:33:53,403 INFO Nacos started successfully in stand alone mode. use embedded storage

2021-03-11 16:33:53,583 INFO Initializing Spring DispatcherServlet 'dispatcherServlet'

2021-03-11 16:33:53,584 INFO Initializing Servlet 'dispatcherServlet'

2021-03-11 16:33:53,611 INFO Completed initialization in 25 ms

