2021-03-11 00:01:14,111 INFO PERFORMANCE:|0|0|-1|-1

2021-03-11 00:06:14,113 INFO PERFORMANCE:|0|0|-1|-1

2021-03-11 00:11:14,114 INFO PERFORMANCE:|0|0|-1|-1

2021-03-11 00:16:14,115 INFO PERFORMANCE:|0|0|-1|-1

2021-03-11 00:21:14,117 INFO PERFORMANCE:|0|0|-1|-1

2021-03-11 00:26:14,119 INFO PERFORMANCE:|0|0|-1|-1

2021-03-11 00:31:14,120 INFO PERFORMANCE:|0|0|-1|-1

2021-03-11 00:36:14,121 INFO PERFORMANCE:|0|0|-1|-1

2021-03-11 00:41:14,122 INFO PERFORMANCE:|0|0|-1|-1

2021-03-11 00:46:14,124 INFO PERFORMANCE:|0|0|-1|-1

2021-03-11 00:51:14,125 INFO PERFORMANCE:|0|0|-1|-1

2021-03-11 00:56:14,127 INFO PERFORMANCE:|0|0|-1|-1

2021-03-11 01:01:14,128 INFO PERFORMANCE:|0|0|-1|-1

2021-03-11 01:06:14,130 INFO PERFORMANCE:|0|0|-1|-1

2021-03-11 01:11:14,131 INFO PERFORMANCE:|0|0|-1|-1

2021-03-11 01:16:14,133 INFO PERFORMANCE:|0|0|-1|-1

2021-03-11 01:21:14,135 INFO PERFORMANCE:|0|0|-1|-1

2021-03-11 01:26:14,136 INFO PERFORMANCE:|0|0|-1|-1

2021-03-11 01:31:14,136 INFO PERFORMANCE:|0|0|-1|-1

2021-03-11 01:36:14,138 INFO PERFORMANCE:|0|0|-1|-1

2021-03-11 01:41:14,140 INFO PERFORMANCE:|0|0|-1|-1

2021-03-11 01:46:14,142 INFO PERFORMANCE:|0|0|-1|-1

2021-03-11 01:51:14,143 INFO PERFORMANCE:|0|0|-1|-1

2021-03-11 01:56:14,145 INFO PERFORMANCE:|0|0|-1|-1

2021-03-11 02:01:14,147 INFO PERFORMANCE:|0|0|-1|-1

2021-03-11 02:06:14,148 INFO PERFORMANCE:|0|0|-1|-1

2021-03-11 02:11:14,149 INFO PERFORMANCE:|0|0|-1|-1

2021-03-11 02:16:14,150 INFO PERFORMANCE:|0|0|-1|-1

2021-03-11 02:21:14,152 INFO PERFORMANCE:|0|0|-1|-1

2021-03-11 02:26:14,154 INFO PERFORMANCE:|0|0|-1|-1

2021-03-11 02:31:14,155 INFO PERFORMANCE:|0|0|-1|-1

2021-03-11 02:36:14,157 INFO PERFORMANCE:|0|0|-1|-1

2021-03-11 02:41:14,159 INFO PERFORMANCE:|0|0|-1|-1

2021-03-11 02:46:14,160 INFO PERFORMANCE:|0|0|-1|-1

2021-03-11 02:51:14,161 INFO PERFORMANCE:|0|0|-1|-1

2021-03-11 02:56:14,162 INFO PERFORMANCE:|0|0|-1|-1

2021-03-11 03:01:14,163 INFO PERFORMANCE:|0|0|-1|-1

2021-03-11 03:06:14,164 INFO PERFORMANCE:|0|0|-1|-1

2021-03-11 03:11:14,165 INFO PERFORMANCE:|0|0|-1|-1

2021-03-11 03:16:14,166 INFO PERFORMANCE:|0|0|-1|-1

2021-03-11 03:21:14,167 INFO PERFORMANCE:|0|0|-1|-1

2021-03-11 03:26:14,168 INFO PERFORMANCE:|0|0|-1|-1

2021-03-11 03:31:14,170 INFO PERFORMANCE:|0|0|-1|-1

2021-03-11 03:36:14,171 INFO PERFORMANCE:|0|0|-1|-1

2021-03-11 03:41:14,173 INFO PERFORMANCE:|0|0|-1|-1

2021-03-11 03:46:14,174 INFO PERFORMANCE:|0|0|-1|-1

2021-03-11 03:51:14,175 INFO PERFORMANCE:|0|0|-1|-1

2021-03-11 03:56:14,177 INFO PERFORMANCE:|0|0|-1|-1

2021-03-11 04:01:14,179 INFO PERFORMANCE:|0|0|-1|-1

2021-03-11 04:06:14,181 INFO PERFORMANCE:|0|0|-1|-1

2021-03-11 04:11:14,183 INFO PERFORMANCE:|0|0|-1|-1

2021-03-11 04:16:14,184 INFO PERFORMANCE:|0|0|-1|-1

2021-03-11 04:21:14,186 INFO PERFORMANCE:|0|0|-1|-1

2021-03-11 04:26:14,187 INFO PERFORMANCE:|0|0|-1|-1

2021-03-11 04:31:14,188 INFO PERFORMANCE:|0|0|-1|-1

2021-03-11 04:36:14,189 INFO PERFORMANCE:|0|0|-1|-1

2021-03-11 04:41:14,190 INFO PERFORMANCE:|0|0|-1|-1

2021-03-11 04:46:14,192 INFO PERFORMANCE:|0|0|-1|-1

2021-03-11 04:51:14,194 INFO PERFORMANCE:|0|0|-1|-1

2021-03-11 04:56:14,195 INFO PERFORMANCE:|0|0|-1|-1

2021-03-11 05:01:14,195 INFO PERFORMANCE:|0|0|-1|-1

2021-03-11 05:06:14,197 INFO PERFORMANCE:|0|0|-1|-1

2021-03-11 05:11:14,198 INFO PERFORMANCE:|0|0|-1|-1

2021-03-11 05:16:14,199 INFO PERFORMANCE:|0|0|-1|-1

2021-03-11 05:21:14,200 INFO PERFORMANCE:|0|0|-1|-1

2021-03-11 05:26:14,201 INFO PERFORMANCE:|0|0|-1|-1

2021-03-11 05:31:14,202 INFO PERFORMANCE:|0|0|-1|-1

2021-03-11 05:36:14,203 INFO PERFORMANCE:|0|0|-1|-1

2021-03-11 05:41:14,204 INFO PERFORMANCE:|0|0|-1|-1

2021-03-11 05:46:14,205 INFO PERFORMANCE:|0|0|-1|-1

2021-03-11 05:51:14,206 INFO PERFORMANCE:|0|0|-1|-1

2021-03-11 05:56:14,207 INFO PERFORMANCE:|0|0|-1|-1

2021-03-11 06:01:14,208 INFO PERFORMANCE:|0|0|-1|-1

2021-03-11 06:06:09,527 INFO PERFORMANCE:|0|0|-1|-1

2021-03-11 06:11:09,528 INFO PERFORMANCE:|0|0|-1|-1

2021-03-11 06:16:09,529 INFO PERFORMANCE:|0|0|-1|-1

2021-03-11 06:21:09,530 INFO PERFORMANCE:|0|0|-1|-1

2021-03-11 06:26:09,532 INFO PERFORMANCE:|0|0|-1|-1

2021-03-11 06:31:09,532 INFO PERFORMANCE:|0|0|-1|-1

2021-03-11 06:36:09,533 INFO PERFORMANCE:|0|0|-1|-1

2021-03-11 06:41:09,534 INFO PERFORMANCE:|0|0|-1|-1

2021-03-11 06:46:09,535 INFO PERFORMANCE:|0|0|-1|-1

2021-03-11 06:51:09,537 INFO PERFORMANCE:|0|0|-1|-1

2021-03-11 06:56:09,538 INFO PERFORMANCE:|0|0|-1|-1

2021-03-11 07:01:09,539 INFO PERFORMANCE:|0|0|-1|-1

2021-03-11 07:06:09,541 INFO PERFORMANCE:|0|0|-1|-1

2021-03-11 07:11:09,542 INFO PERFORMANCE:|0|0|-1|-1

2021-03-11 07:16:09,543 INFO PERFORMANCE:|0|0|-1|-1

2021-03-11 07:21:09,544 INFO PERFORMANCE:|0|0|-1|-1

2021-03-11 07:26:09,546 INFO PERFORMANCE:|0|0|-1|-1

2021-03-11 07:31:09,548 INFO PERFORMANCE:|0|0|-1|-1

2021-03-11 07:36:09,550 INFO PERFORMANCE:|0|0|-1|-1

2021-03-11 07:41:09,552 INFO PERFORMANCE:|0|0|-1|-1

2021-03-11 07:46:09,554 INFO PERFORMANCE:|0|0|-1|-1

2021-03-11 07:51:09,556 INFO PERFORMANCE:|0|0|-1|-1

2021-03-11 07:56:09,557 INFO PERFORMANCE:|0|0|-1|-1

2021-03-11 08:01:09,558 INFO PERFORMANCE:|0|0|-1|-1

2021-03-11 08:06:09,560 INFO PERFORMANCE:|0|0|-1|-1

2021-03-11 08:11:09,561 INFO PERFORMANCE:|0|0|-1|-1

2021-03-11 08:16:09,562 INFO PERFORMANCE:|0|0|-1|-1

2021-03-11 08:21:09,563 INFO PERFORMANCE:|0|0|-1|-1

2021-03-11 08:26:09,564 INFO PERFORMANCE:|0|0|-1|-1

2021-03-11 08:31:09,565 INFO PERFORMANCE:|0|0|-1|-1

2021-03-11 08:36:09,566 INFO PERFORMANCE:|0|0|-1|-1

2021-03-11 08:41:09,567 INFO PERFORMANCE:|0|0|-1|-1

2021-03-11 08:46:09,568 INFO PERFORMANCE:|0|0|-1|-1

2021-03-11 08:51:09,569 INFO PERFORMANCE:|0|0|-1|-1

2021-03-11 08:56:09,570 INFO PERFORMANCE:|0|0|-1|-1

2021-03-11 09:01:09,572 INFO PERFORMANCE:|0|0|-1|-1

2021-03-11 09:06:09,573 INFO PERFORMANCE:|0|0|-1|-1

2021-03-11 09:11:09,575 INFO PERFORMANCE:|0|0|-1|-1

2021-03-11 09:16:09,576 INFO PERFORMANCE:|0|0|-1|-1

2021-03-11 09:21:09,577 INFO PERFORMANCE:|0|0|-1|-1

2021-03-11 09:26:09,578 INFO PERFORMANCE:|0|0|-1|-1

2021-03-11 09:31:09,579 INFO PERFORMANCE:|0|0|-1|-1

2021-03-11 09:36:09,581 INFO PERFORMANCE:|0|0|-1|-1

2021-03-11 09:41:09,583 INFO PERFORMANCE:|0|0|-1|-1

2021-03-11 09:46:09,585 INFO PERFORMANCE:|0|0|-1|-1

2021-03-11 09:51:09,586 INFO PERFORMANCE:|0|0|-1|-1

2021-03-11 09:56:09,588 INFO PERFORMANCE:|0|0|-1|-1

2021-03-11 10:01:09,589 INFO PERFORMANCE:|0|0|-1|-1

2021-03-11 10:06:09,591 INFO PERFORMANCE:|0|0|-1|-1

2021-03-11 10:11:09,592 INFO PERFORMANCE:|1|1|-1|-1

2021-03-11 10:16:09,594 INFO PERFORMANCE:|1|1|-1|-1

2021-03-11 10:21:09,596 INFO PERFORMANCE:|1|1|-1|-1

2021-03-11 10:26:09,597 INFO PERFORMANCE:|1|1|-1|-1

2021-03-11 10:31:09,599 INFO PERFORMANCE:|1|1|-1|-1

2021-03-11 10:36:09,600 INFO PERFORMANCE:|1|1|-1|-1

2021-03-11 10:41:09,601 INFO PERFORMANCE:|1|0|-1|-1

2021-03-11 10:46:09,601 INFO PERFORMANCE:|1|1|-1|-1

2021-03-11 10:51:09,602 INFO PERFORMANCE:|1|1|-1|-1

2021-03-11 10:56:09,604 INFO PERFORMANCE:|1|1|-1|-1

2021-03-11 11:01:09,605 INFO PERFORMANCE:|1|0|-1|-1

2021-03-11 11:06:09,606 INFO PERFORMANCE:|1|0|-1|-1

2021-03-11 11:11:09,607 INFO PERFORMANCE:|1|1|-1|-1

2021-03-11 11:16:09,609 INFO PERFORMANCE:|1|1|-1|-1

2021-03-11 11:21:09,611 INFO PERFORMANCE:|1|1|-1|-1

2021-03-11 11:26:09,612 INFO PERFORMANCE:|1|1|-1|-1

2021-03-11 11:31:09,614 INFO PERFORMANCE:|1|0|-1|-1

2021-03-11 11:36:09,615 INFO PERFORMANCE:|0|0|-1|-1

2021-03-11 11:41:09,616 INFO PERFORMANCE:|1|1|-1|-1

2021-03-11 11:46:09,618 INFO PERFORMANCE:|1|1|-1|-1

2021-03-11 11:51:09,620 INFO PERFORMANCE:|1|1|-1|-1

2021-03-11 11:56:09,621 INFO PERFORMANCE:|1|1|-1|-1

2021-03-11 12:01:09,623 INFO PERFORMANCE:|1|1|-1|-1

2021-03-11 12:06:09,624 INFO PERFORMANCE:|1|1|-1|-1

2021-03-11 12:11:09,624 INFO PERFORMANCE:|1|1|-1|-1

2021-03-11 12:16:09,626 INFO PERFORMANCE:|1|1|-1|-1

2021-03-11 12:21:09,627 INFO PERFORMANCE:|1|1|-1|-1

2021-03-11 12:26:09,628 INFO PERFORMANCE:|1|1|-1|-1

2021-03-11 12:31:09,630 INFO PERFORMANCE:|1|1|-1|-1

2021-03-11 12:36:09,631 INFO PERFORMANCE:|1|1|-1|-1

2021-03-11 12:41:09,632 INFO PERFORMANCE:|1|1|-1|-1

2021-03-11 12:46:09,633 INFO PERFORMANCE:|1|1|-1|-1

2021-03-11 12:51:09,634 INFO PERFORMANCE:|1|1|-1|-1

2021-03-11 12:56:09,635 INFO PERFORMANCE:|1|1|-1|-1

2021-03-11 13:01:09,637 INFO PERFORMANCE:|1|1|-1|-1

2021-03-11 13:06:09,638 INFO PERFORMANCE:|0|0|-1|-1

2021-03-11 13:11:09,639 INFO PERFORMANCE:|0|0|-1|-1

2021-03-11 13:16:09,640 INFO PERFORMANCE:|0|0|-1|-1

2021-03-11 13:21:09,641 INFO PERFORMANCE:|1|1|-1|-1

2021-03-11 13:26:09,643 INFO PERFORMANCE:|0|0|-1|-1

2021-03-11 13:31:09,645 INFO PERFORMANCE:|1|0|-1|-1

2021-03-11 13:36:09,647 INFO PERFORMANCE:|1|1|-1|-1

2021-03-11 13:41:09,649 INFO PERFORMANCE:|1|1|-1|-1

2021-03-11 13:46:09,650 INFO PERFORMANCE:|1|1|-1|-1

2021-03-11 13:51:09,652 INFO PERFORMANCE:|1|1|-1|-1

2021-03-11 13:56:09,654 INFO PERFORMANCE:|1|1|-1|-1

2021-03-11 14:01:09,655 INFO PERFORMANCE:|1|1|-1|-1

2021-03-11 14:06:09,656 INFO PERFORMANCE:|1|1|-1|-1

2021-03-11 14:11:09,657 INFO PERFORMANCE:|1|1|-1|-1

2021-03-11 14:16:09,658 INFO PERFORMANCE:|1|1|-1|-1

2021-03-11 14:21:09,660 INFO PERFORMANCE:|1|1|-1|-1

2021-03-11 14:26:09,661 INFO PERFORMANCE:|1|1|-1|-1

2021-03-11 14:31:09,662 INFO PERFORMANCE:|1|1|-1|-1

2021-03-11 14:36:09,664 INFO PERFORMANCE:|1|1|-1|-1

2021-03-11 14:41:09,664 INFO PERFORMANCE:|2|2|-1|-1

2021-03-11 14:46:09,666 INFO PERFORMANCE:|2|2|-1|-1

2021-03-11 14:51:09,667 INFO PERFORMANCE:|2|2|-1|-1

2021-03-11 14:56:09,668 INFO PERFORMANCE:|2|2|-1|-1

2021-03-11 15:01:09,669 INFO PERFORMANCE:|2|2|-1|-1

2021-03-11 15:06:09,671 INFO PERFORMANCE:|2|0|-1|-1

2021-03-11 15:11:09,673 INFO PERFORMANCE:|0|0|-1|-1

2021-03-11 15:16:09,674 INFO PERFORMANCE:|0|0|-1|-1

2021-03-11 15:21:09,677 INFO PERFORMANCE:|0|0|-1|-1

2021-03-11 15:26:09,678 INFO PERFORMANCE:|0|0|-1|-1

2021-03-11 15:31:09,679 INFO PERFORMANCE:|0|0|-1|-1

2021-03-11 15:36:09,681 INFO PERFORMANCE:|0|0|-1|-1

2021-03-11 15:41:09,682 INFO PERFORMANCE:|0|0|-1|-1

2021-03-11 15:46:09,684 INFO PERFORMANCE:|0|0|-1|-1

2021-03-11 15:51:09,686 INFO PERFORMANCE:|0|0|-1|-1

2021-03-11 15:56:09,687 INFO PERFORMANCE:|0|0|-1|-1

2021-03-11 16:01:09,689 INFO PERFORMANCE:|0|0|-1|-1

2021-03-11 16:06:09,690 INFO PERFORMANCE:|0|0|-1|-1

2021-03-11 16:11:09,691 INFO PERFORMANCE:|0|0|-1|-1

2021-03-11 16:16:09,692 INFO PERFORMANCE:|0|0|-1|-1

2021-03-11 16:21:09,693 INFO PERFORMANCE:|0|0|-1|-1

2021-03-11 16:26:09,695 INFO PERFORMANCE:|0|0|-1|-1

2021-03-11 16:33:07,519 INFO PERFORMANCE:|0|0|-1|-1

